app/mapping.txt
# compiler: R8
# compiler_version: 2.1.86
# min_api: 14
# pg_map_id: a1c1221
# common_typos_disable
waste.time.yuketang.Course_Adapter -> O00000000OoO000.O00000000OOoOO0.O00000000OOoOO0.O00000000OOoOO0:
    android.widget.TextView progress -> O00000000OOoOO0
    android.widget.TextView course_name -> O00000000OoO000
    android.widget.TextView complete_state -> O00000000o00OO0
    android.widget.ImageView state_Image -> O0000000OoOo0O0
    1:1:void <init>(android.content.Context,int,java.util.List):13:13 -> <init>
    1:6:android.view.View getView(int,android.view.View,android.view.ViewGroup):19:24 -> getView
    7:7:android.graphics.drawable.Drawable waste.time.yuketang.Course_data.getDrawable():22:22 -> getView
    7:7:android.view.View getView(int,android.view.View,android.view.ViewGroup):24 -> getView
    8:9:android.view.View getView(int,android.view.View,android.view.ViewGroup):24:25 -> getView
    10:10:java.lang.String waste.time.yuketang.Course_data.getCompleteState():25:25 -> getView
    10:10:android.view.View getView(int,android.view.View,android.view.ViewGroup):25 -> getView
    11:12:android.view.View getView(int,android.view.View,android.view.ViewGroup):25:26 -> getView
    13:13:java.lang.String waste.time.yuketang.Course_data.getCourse_name():19:19 -> getView
    13:13:android.view.View getView(int,android.view.View,android.view.ViewGroup):26 -> getView
    14:15:android.view.View getView(int,android.view.View,android.view.ViewGroup):26:27 -> getView
    16:16:java.lang.String waste.time.yuketang.Course_data.getProgress():28:28 -> getView
waste.time.yuketang.Course_data -> O00000000OoO000.O00000000OOoOO0.O00000000OOoOO0.O00000000OoO000:
    java.lang.String Progress -> O00000000OoO000
    int type -> O0000000oOoO000
    java.lang.String Course_name -> O00000000OOoOO0
    boolean complete -> O00000000o00OO0
    boolean needexec -> O0000000OoOo0O0
    android.graphics.drawable.Drawable state -> O0000000oOo0Ooo
    1:7:void <init>(java.lang.String,java.lang.String,boolean,int,android.graphics.drawable.Drawable,boolean):10:16 -> <init>
waste.time.yuketang.ListActivity -> waste.time.yuketang.ListActivity:
    android.widget.LinearLayout layout -> O00000oOO0O0O0o
    java.lang.String[] msgs -> O00000O0ooo0o0O
    android.app.AlertDialog Dialog -> O00000OOOO0OoOo
    java.lang.String user_id -> O00000O0oO00Ooo
    android.widget.ListView course_list -> O00000o0OOoO00O
    org.json.JSONArray list_json -> O00000o0o0O0oO0
    java.lang.String cookie -> O00000O00O0o00O
    android.widget.TextView course_num -> O00000o00oO0O00
    java.lang.String[] msgs2 -> O00000OO000oo00
    java.lang.String csrftoken -> O00000O0o0o00oo
    org.json.JSONObject data -> O00000o0OOoOOOo
    java.lang.String university_id -> O00000O0o0Ooo0O
    int $r8$clinit -> O00000oOoO0oooO
    1:1:void <init>():27:27 -> <init>
    1:2:java.lang.String Match(int,java.lang.String):63:64 -> O00000000o00OO0
    3:4:java.lang.String Match(int,java.lang.String):66:67 -> O00000000o00OO0
    1:1:void update_course():0:0 -> O0000000OoOo0O0
    1:1:void access$800(waste.time.yuketang.ListActivity):27 -> O0000000OoOo0O0
    2:9:void update_course():81:88 -> O0000000OoOo0O0
    2:9:void access$800(waste.time.yuketang.ListActivity):27 -> O0000000OoOo0O0
    10:12:void update_course():90:92 -> O0000000OoOo0O0
    10:12:void access$800(waste.time.yuketang.ListActivity):27 -> O0000000OoOo0O0
    1:13:void onCreate(android.os.Bundle):38:50 -> onCreate
    1:1:boolean onKeyDown(int,android.view.KeyEvent):57:57 -> onKeyDown
waste.time.yuketang.ListActivity$1 -> waste.time.yuketang.ListActivity$O00000000OOoOO0:
...
Support.EditTexts -> Support.EditTexts:
    1:1:void <init>(android.content.Context,android.util.AttributeSet):13:13 -> <init>
    2:3:void v2(android.widget.EditText,android.content.Context):19:20 -> <init>
    2:3:void <init>(android.content.Context,android.util.AttributeSet):13 -> <init>
Support.HttpSupport -> O00000000OOoOO0.O000000O00o0O0o:
    java.net.URL url -> O00000000OOoOO0
    java.lang.String Url -> O00000000OoO000
    java.net.HttpURLConnection conn -> O00000000o00OO0
    1:1:void <init>():7:7 -> <init>
    1:1:Support.HttpSupport AttachCookie(java.lang.String):26:26 -> O00000000OOoOO0
    1:1:Support.HttpSupport AttachProperty(java.lang.String,java.lang.String):46:46 -> O00000000OoO000
    1:1:Support.HttpSupport AttachUser_Agent(java.lang.String):36:36 -> O00000000o00OO0
    1:1:java.lang.String[] getHtml():56:56 -> O0000000OoOo0O0
    2:5:java.lang.String[] getHtml():59:62 -> O0000000OoOo0O0
    6:7:java.lang.String[] getHtml():64:65 -> O0000000OoOo0O0
    8:11:java.lang.String[] getHtml():67:70 -> O0000000OoOo0O0
    12:12:java.lang.String[] getHtml():74:74 -> O0000000OoOo0O0
    1:1:Support.HttpSupport init(java.lang.String):14:14 -> O0000000oOo0Ooo
    2:5:Support.HttpSupport init(java.lang.String):16:19 -> O0000000oOo0Ooo
    6:6:Support.HttpSupport init(java.lang.String):21:21 -> O0000000oOo0Ooo
Support.IOSupport -> O00000000OOoOO0.O000000O0oo00o0:
    android.content.Context con -> O00000000OOoOO0
    1:2:void <init>(android.content.Context):24:25 -> <init>
    1:1:void delectDirs(java.io.File):527:527 -> O00000000OOoOO0
    2:6:void delectDirs(java.io.File):529:533 -> O00000000OOoOO0
    7:7:void delectDirs(java.io.File):536:536 -> O00000000OOoOO0
    1:2:void deletenonulldir(java.io.File):71:72 -> O00000000OoO000
    3:3:void deletenonulldir(java.io.File):75:75 -> O00000000OoO000
    4:4:void deletenonulldir(java.io.File):78:78 -> O00000000OoO000
    5:7:void deletenonulldir(java.io.File):80:82 -> O00000000OoO000
    8:8:void deletenonulldir(java.io.File):86:86 -> O00000000OoO000
    9:10:void deletenonulldir(java.io.File):88:89 -> O00000000OoO000
    11:12:void deletenonulldir(java.io.File):91:92 -> O00000000OoO000
    1:2:void deletenonulldir(java.lang.String):44:45 -> O00000000o00OO0
    3:3:void deletenonulldir(java.lang.String):48:48 -> O00000000o00OO0
    4:4:void deletenonulldir(java.lang.String):51:51 -> O00000000o00OO0
    5:7:void deletenonulldir(java.lang.String):53:55 -> O00000000o00OO0
    8:8:void deletenonulldir(java.lang.String):59:59 -> O00000000o00OO0
    9:10:void deletenonulldir(java.lang.String):61:62 -> O00000000o00OO0
    11:12:void deletenonulldir(java.lang.String):64:65 -> O00000000o00OO0
    1:4:void test(java.io.File):98:101 -> O0000000OoOo0O0
    5:6:void test(java.io.File):103:104 -> O0000000OoOo0O0
Support.LongToastFactorySupport -> O00000000OOoOO0.O000000OOoooOOo:
    android.content.Context con -> O00000000OOoOO0
    1:2:void <init>(android.content.Context):14:15 -> <init>
Support.SharedPreferencesSupport -> O00000000OOoOO0.O000000Ooooo0oo:
    android.content.Context con -> O00000000OOoOO0
    1:2:void <init>(android.content.Context):8:9 -> <init>
Support.ShortToastFactorySupport -> O00000000OOoOO0.O000000o0o0ooO0:
    android.content.Context con -> O00000000OOoOO0
    1:2:void <init>(android.content.Context):12:13 -> <init>
    1:9:Support.ShortToastFactorySupport makeText(java.lang.String,int):52:60 -> O00000000OOoOO0
    10:12:double gettoasty():101:103 -> O00000000OOoOO0
    10:12:Support.ShortToastFactorySupport makeText(java.lang.String,int):61 -> O00000000OOoOO0
    13:13:Support.ShortToastFactorySupport makeText(java.lang.String,int):61:61 -> O00000000OOoOO0