app/unused.txt
waste.time.yuketang.R$id
waste.time.yuketang.ListActivity:
    private java.lang.String class_id
waste.time.yuketang.R$string
waste.time.yuketang.R$style
waste.time.yuketang.R$raw
waste.time.yuketang.R$drawable
waste.time.yuketang.R$layout
waste.time.yuketang.R$color
waste.time.yuketang.BuildConfig
waste.time.yuketang.LoginActivity:
    private java.lang.String json
waste.time.yuketang.R
waste.time.yuketang.ListActivity:
    public static synthetic java.lang.String access$202(waste.time.yuketang.ListActivity,java.lang.String)
    public static synthetic java.lang.String[] access$300(waste.time.yuketang.ListActivity)
    public static synthetic java.lang.String access$200(waste.time.yuketang.ListActivity)
    public static synthetic android.app.AlertDialog access$400(waste.time.yuketang.ListActivity)
    public static synthetic org.json.JSONObject access$502(waste.time.yuketang.ListActivity,org.json.JSONObject)
    public static synthetic java.lang.String[] access$600(waste.time.yuketang.ListActivity)
    public static synthetic org.json.JSONObject access$500(waste.time.yuketang.ListActivity)
    public static synthetic android.widget.TextView access$700(waste.time.yuketang.ListActivity)
    public static synthetic android.widget.LinearLayout access$900(waste.time.yuketang.ListActivity)
    public static synthetic java.lang.String[] access$302(waste.time.yuketang.ListActivity,java.lang.String[])
    public static java.lang.String[] access$1000(waste.time.yuketang.ListActivity)
    public static synthetic java.lang.String[] access$602(waste.time.yuketang.ListActivity,java.lang.String[])
    public static java.lang.String[] access$1100(waste.time.yuketang.ListActivity)
    public static synthetic org.json.JSONArray access$1200(waste.time.yuketang.ListActivity)
    public static synthetic java.lang.String access$1300(waste.time.yuketang.ListActivity)
waste.time.yuketang.ProgressActivity:
    public static synthetic waste.time.yuketang.Course_Adapter access$200(waste.time.yuketang.ProgressActivity)
    public static synthetic android.widget.ListView access$300(waste.time.yuketang.ProgressActivity)
    public static synthetic int access$400(waste.time.yuketang.ProgressActivity)
    public static synthetic android.widget.TextView access$500(waste.time.yuketang.ProgressActivity)
    public static synthetic android.app.AlertDialog access$600(waste.time.yuketang.ProgressActivity)
    public static synthetic java.lang.String[] access$702(waste.time.yuketang.ProgressActivity,java.lang.String[])
    public static java.lang.String[] access$800(waste.time.yuketang.ProgressActivity)
    public static synthetic java.lang.String[] access$700(waste.time.yuketang.ProgressActivity)
    public static synthetic org.json.JSONObject access$902(waste.time.yuketang.ProgressActivity,org.json.JSONObject)
    public static synthetic org.json.JSONObject access$900(waste.time.yuketang.ProgressActivity)
    public static synthetic org.json.JSONArray access$1002(waste.time.yuketang.ProgressActivity,org.json.JSONArray)
    public static synthetic org.json.JSONArray access$1200(waste.time.yuketang.ProgressActivity)
    public final java.lang.String[] getVideoIds()
    public final boolean check(java.lang.String)
    public final java.lang.String getProgress(java.lang.String)
    public final void listitem()
    public final void kill_video(int)
waste.time.yuketang.ProgressActivity$Process:
    public void <init>(waste.time.yuketang.ProgressActivity)
waste.time.yuketang.ListActivity$ClickCallBack:
    public void <init>(waste.time.yuketang.ListActivity)
waste.time.yuketang.ListActivity$Process:
    public void <init>(waste.time.yuketang.ListActivity)
waste.time.yuketang.ProgressActivity$lesson_killer:
    public void <init>(waste.time.yuketang.ProgressActivity)
waste.time.yuketang.Tmp:
    public static void handleSSLHandshake()
...
Support.ClassSupport:
    public void setErrorListener(Support.onError)
Support.TextViews:
    public void <init>(android.content.Context)
    public void <init>(android.content.Context,android.util.AttributeSet)
    public void <init>(android.content.Context,android.util.AttributeSet,int)
    public void <init>(android.content.Context,android.util.AttributeSet,int,int)
    private void v1(android.widget.TextView,android.content.Context)
Support.EditTexts:
    public void <init>(android.content.Context)
    public void <init>(android.content.Context,android.util.AttributeSet,int)
Support.MDownloadSupport$DownloadListener
Support.HttpSupport:
    public Support.HttpSupport AttachContent_type(java.lang.String)
    public Support.HttpSupport AttachAccept_Encoding(java.lang.String)
    public java.util.Map getHeadFields()
Support.LogSupport:
    private java.util.logging.Logger getLogger(java.lang.Class)
    public void writelog(java.lang.String,java.lang.String)
    public java.lang.String readlog(java.lang.String)
    public void outputlog(java.lang.String,java.lang.String)
    public void clearLog()
Support.TimeSupport
Support.FileObserveSupport
Support.DownloadSupport
Support.WifiSuport
Support.SmsSupport$OooO0O0
Support.ImageCompressorSupport$FileSupport
Support.TimeSupport$1
Support.SmsSupport
Support.SmsSupport$1
Support.MDownloadSupport
Support.NotificationSupport
Support.SmsSupport$OnSendListener
Support.DialogFactorySupport:
    public android.app.AlertDialog SimpleDialog(java.lang.String,java.lang.String,java.lang.String,java.lang.String,android.view.View$OnClickListener,android.view.View$OnClickListener,boolean,boolean[])
    public android.app.AlertDialog SimpleDialog(int,int,java.lang.String,java.lang.String,android.view.View$OnClickListener,android.view.View$OnClickListener,boolean)
    public android.app.AlertDialog SimpleDialog_NoText(java.lang.String,java.lang.String,java.lang.String,android.view.View$OnClickListener,android.view.View$OnClickListener,boolean)
    public android.app.AlertDialog SimpleDialog_NoText(int,int,int,android.view.View$OnClickListener,android.view.View$OnClickListener,boolean)
    public android.app.AlertDialog SimpleDialog__NoTitle(java.lang.String,java.lang.String,java.lang.String,android.view.View$OnClickListener,android.view.View$OnClickListener,boolean)
    public android.app.AlertDialog SimpleDialog__NoTitle(int,int,int,android.view.View$OnClickListener,android.view.View$OnClickListener,boolean)
    public android.app.AlertDialog SimpleDialog_Only_OneButton(java.lang.String,java.lang.String,java.lang.String,android.view.View$OnClickListener,boolean)
    public android.app.AlertDialog SimpleDialog_NoTitle_Only_OneButton(int,int,android.view.View$OnClickListener,boolean)
    public android.app.AlertDialog SimpleDialog_Only_OneButton(int,int,int,android.view.View$OnClickListener,boolean)
Support.BaseActivity$1
Support.BaseApplication$ContextUntils:
    public final synthetic Support.BaseApplication this$0
Support.SystemServiceSupport:
    public static final int getSystemSDK()
    public static double getSystemVersion()
    public java.lang.String getPackageName()
    public void toKill()
    public double getWindowHight()
    public java.lang.String androids
    public java.lang.String mandroid